<?xml version="1.0" encoding="UTF-8"?>
<!-- Generated by org.testng.reporters.JUnitReportReporter -->
<testsuite hostname="Ankita" failures="0" tests="1" name="com.crm.crm_hybridframework.logintest.TestLogin" time="48.766" errors="0" timestamp="26 Jan 2024 06:36:12 GMT">
  <testcase classname="com.crm.crm_hybridframework.logintest.TestLogin" name="test" time="48.766"/>
</testsuite> <!-- com.crm.crm_hybridframework.logintest.TestLogin -->
